Build started 09.09.2014 17:30:27.
     1>Project "C:\Users\Odd\Documents\Visual Studio 2013\Projects\Symlinker\CppShellExtDragDropHandler\CppShellExtDragDropHandler.vcxproj" on node 2 (Rebuild target(s)).
     1>ClCompile:
         C:\Program Files (x86)\Microsoft Visual Studio 12.0\VC\bin\x86_amd64\CL.exe /c /Zi /nologo /W3 /WX- /Od /D WIN32 /D _DEBUG /D _WINDOWS /D _USRDLL /D CPPSHELLEXTDRAGDROPHANDLER_EXPORTS /D _WINDLL /D _UNICODE /D UNICODE /Gm /EHsc /RTC1 /MDd /GS /fp:precise /Zc:wchar_t /Zc:forScope /Fo"x64\Debug\\" /Fd"x64\Debug\vc120.pdb" /Gd /TP /errorReport:prompt ClassFactory.cpp dllmain.cpp FileDragDropExt.cpp Reg.cpp
         Reg.cpp
         FileDragDropExt.cpp
         dllmain.cpp
         ClassFactory.cpp
         Generating Code...
       Link:
         C:\Program Files (x86)\Microsoft Visual Studio 12.0\VC\bin\x86_amd64\link.exe /ERRORREPORT:PROMPT /OUT:"C:\Users\Odd\Documents\Visual Studio 2013\Projects\Symlinker\x64\Debug\Symlinker.dll" /INCREMENTAL /NOLOGO kernel32.lib user32.lib gdi32.lib winspool.lib comdlg32.lib advapi32.lib shell32.lib ole32.lib oleaut32.lib uuid.lib odbc32.lib odbccp32.lib /DEF:"GlobalExportFunctions.def" /MANIFEST /MANIFESTUAC:"level='asInvoker' uiAccess='false'" /manifest:embed /DEBUG /PDB:"C:\Users\Odd\Documents\Visual Studio 2013\Projects\Symlinker\x64\Debug\Symlinker.pdb" /SUBSYSTEM:WINDOWS /TLBID:1 /DYNAMICBASE /NXCOMPAT /IMPLIB:"C:\Users\Odd\Documents\Visual Studio 2013\Projects\Symlinker\x64\Debug\Symlinker.lib" /MACHINE:X64 /DLL x64\Debug\ClassFactory.obj
         x64\Debug\dllmain.obj
         x64\Debug\FileDragDropExt.obj
         x64\Debug\Reg.obj
            Creating library C:\Users\Odd\Documents\Visual Studio 2013\Projects\Symlinker\x64\Debug\Symlinker.lib and object C:\Users\Odd\Documents\Visual Studio 2013\Projects\Symlinker\x64\Debug\Symlinker.exp
     1>Symlinker.exp : warning LNK4070: /OUT:CppShellExtDragDropHandler.dll directive in .EXP differs from output filename 'C:\Users\Odd\Documents\Visual Studio 2013\Projects\Symlinker\x64\Debug\Symlinker.dll'; ignoring directive
         CppShellExtDragDropHandler.vcxproj -> C:\Users\Odd\Documents\Visual Studio 2013\Projects\Symlinker\x64\Debug\Symlinker.dll
     1>Done Building Project "C:\Users\Odd\Documents\Visual Studio 2013\Projects\Symlinker\CppShellExtDragDropHandler\CppShellExtDragDropHandler.vcxproj" (Rebuild target(s)).

Build succeeded.

Time Elapsed 00:00:02.73
