c:\users\odd\documents\visual studio 2013\projects\c++ windows shell dr1\cppshellextdragdrophandler\x64\debug\vc120.pdb
c:\users\odd\documents\visual studio 2013\projects\c++ windows shell dr1\cppshellextdragdrophandler\x64\debug\vc120.idb
c:\users\odd\documents\visual studio 2013\projects\c++ windows shell dr1\cppshellextdragdrophandler\x64\debug\classfactory.obj
c:\users\odd\documents\visual studio 2013\projects\c++ windows shell dr1\cppshellextdragdrophandler\x64\debug\dllmain.obj
c:\users\odd\documents\visual studio 2013\projects\c++ windows shell dr1\cppshellextdragdrophandler\x64\debug\filedragdropext.obj
c:\users\odd\documents\visual studio 2013\projects\c++ windows shell dr1\cppshellextdragdrophandler\x64\debug\reg.obj
c:\users\odd\documents\visual studio 2013\projects\c++ windows shell dr1\x64\debug\symlinker.ilk
c:\users\odd\documents\visual studio 2013\projects\c++ windows shell dr1\x64\debug\symlinker.dll
c:\users\odd\documents\visual studio 2013\projects\c++ windows shell dr1\x64\debug\symlinker.pdb
c:\users\odd\documents\visual studio 2013\projects\c++ windows shell dr1\x64\debug\symlinker.lib
c:\users\odd\documents\visual studio 2013\projects\c++ windows shell dr1\x64\debug\symlinker.exp
c:\users\odd\documents\visual studio 2013\projects\symlinker\cppshellextdragdrophandler\x64\debug\classfactory.obj
c:\users\odd\documents\visual studio 2013\projects\symlinker\cppshellextdragdrophandler\x64\debug\dllmain.obj
c:\users\odd\documents\visual studio 2013\projects\symlinker\cppshellextdragdrophandler\x64\debug\filedragdropext.obj
c:\users\odd\documents\visual studio 2013\projects\symlinker\cppshellextdragdrophandler\x64\debug\reg.obj
c:\users\odd\documents\visual studio 2013\projects\symlinker\cppshellextdragdrophandler\x64\debug\vc120.idb
c:\users\odd\documents\visual studio 2013\projects\symlinker\cppshellextdragdrophandler\x64\debug\vc120.pdb
c:\users\odd\documents\visual studio 2013\projects\symlinker\x64\debug\symlinker.pdb
c:\users\odd\documents\visual studio 2013\projects\symlinker\x64\debug\symlinker.dll
c:\users\odd\documents\visual studio 2013\projects\symlinker\x64\debug\symlinker.ilk
c:\users\odd\documents\visual studio 2013\projects\symlinker\cppshellextdragdrophandler\x64\debug\symlinker.tlog\cl.command.1.tlog
c:\users\odd\documents\visual studio 2013\projects\symlinker\cppshellextdragdrophandler\x64\debug\symlinker.tlog\cl.read.1.tlog
c:\users\odd\documents\visual studio 2013\projects\symlinker\cppshellextdragdrophandler\x64\debug\symlinker.tlog\cl.write.1.tlog
c:\users\odd\documents\visual studio 2013\projects\symlinker\cppshellextdragdrophandler\x64\debug\symlinker.tlog\link.command.1.tlog
c:\users\odd\documents\visual studio 2013\projects\symlinker\cppshellextdragdrophandler\x64\debug\symlinker.tlog\link.read.1.tlog
c:\users\odd\documents\visual studio 2013\projects\symlinker\cppshellextdragdrophandler\x64\debug\symlinker.tlog\link.write.1.tlog
c:\users\odd\documents\visual studio 2013\projects\symlinker\cppshellextdragdrophandler\x64\debug\symlinker.tlog\symlinker.write.1u.tlog
