Build started 09.09.2014 15:56:58.
     1>Project "C:\Users\Odd\Documents\Visual Studio 2013\Projects\C++ Windows Shell dr1\CppShellExtDragDropHandler\CppShellExtDragDropHandler.vcxproj" on node 2 (Build target(s)).
     1>C:\Program Files (x86)\MSBuild\Microsoft.Cpp\v4.0\V120\Microsoft.CppBuild.targets(388,5): warning MSB8028: The intermediate directory (Debug\) contains files shared from another project (CppShellExtDragDropHandler.vcxproj).  This can lead to incorrect clean and rebuild behavior.
     1>ClCompile:
         C:\Program Files (x86)\Microsoft Visual Studio 12.0\VC\bin\CL.exe /c /ZI /nologo /W3 /WX- /Od /Oy- /D WIN32 /D _DEBUG /D _WINDOWS /D _USRDLL /D CPPSHELLEXTDRAGDROPHANDLER_EXPORTS /D _WINDLL /D _UNICODE /D UNICODE /Gm /EHsc /RTC1 /MDd /GS /fp:precise /Zc:wchar_t /Zc:forScope /Fo"Debug\\" /Fd"Debug\vc120.pdb" /Gd /TP /analyze- /errorReport:prompt ClassFactory.cpp dllmain.cpp FileDragDropExt.cpp Reg.cpp
         Skipping... (no relevant changes detected)
         Reg.cpp
         FileDragDropExt.cpp
         dllmain.cpp
         ClassFactory.cpp
       Link:
         C:\Program Files (x86)\Microsoft Visual Studio 12.0\VC\bin\link.exe /ERRORREPORT:PROMPT /OUT:"C:\Users\Odd\Documents\Visual Studio 2013\Projects\C++ Windows Shell dr1\Debug\Symlinker.dll" /INCREMENTAL /NOLOGO kernel32.lib user32.lib gdi32.lib winspool.lib comdlg32.lib advapi32.lib shell32.lib ole32.lib oleaut32.lib uuid.lib odbc32.lib odbccp32.lib /DEF:"GlobalExportFunctions.def" /MANIFEST /MANIFESTUAC:"level='asInvoker' uiAccess='false'" /manifest:embed /DEBUG /PDB:"C:\Users\Odd\Documents\Visual Studio 2013\Projects\C++ Windows Shell dr1\Debug\Symlinker.pdb" /SUBSYSTEM:WINDOWS /TLBID:1 /DYNAMICBASE /NXCOMPAT /IMPLIB:"C:\Users\Odd\Documents\Visual Studio 2013\Projects\C++ Windows Shell dr1\Debug\Symlinker.lib" /MACHINE:X86 /SAFESEH /DLL Debug\ClassFactory.obj
         Debug\dllmain.obj
         Debug\FileDragDropExt.obj
         Debug\Reg.obj
     1>ClassFactory.obj : warning LNK4075: ignoring '/EDITANDCONTINUE' due to '/SAFESEH' specification
            Creating library C:\Users\Odd\Documents\Visual Studio 2013\Projects\C++ Windows Shell dr1\Debug\Symlinker.lib and object C:\Users\Odd\Documents\Visual Studio 2013\Projects\C++ Windows Shell dr1\Debug\Symlinker.exp
     1>Symlinker.exp : warning LNK4070: /OUT:CppShellExtDragDropHandler.dll directive in .EXP differs from output filename 'C:\Users\Odd\Documents\Visual Studio 2013\Projects\C++ Windows Shell dr1\Debug\Symlinker.dll'; ignoring directive
         CppShellExtDragDropHandler.vcxproj -> C:\Users\Odd\Documents\Visual Studio 2013\Projects\C++ Windows Shell dr1\Debug\Symlinker.dll
     1>Done Building Project "C:\Users\Odd\Documents\Visual Studio 2013\Projects\C++ Windows Shell dr1\CppShellExtDragDropHandler\CppShellExtDragDropHandler.vcxproj" (Build target(s)).

Build succeeded.

Time Elapsed 00:00:00.87
